<?xml version="1.0" encoding="UTF-8"?>
<!-- Generated by org.testng.reporters.JUnitXMLReporter -->
<testsuite ignored="0" hostname="DESKTOP-5PUA4L6" failures="0" tests="3" name="ChromeTest(failed)" time="0.278" errors="0" timestamp="2022-08-04T22:15:50 IST">
  <testcase classname="com.SauceDemo.TestClasses.TestBaseClass" name="@BeforeMethod setUpMethod" time="0.025">
    <failure type="java.lang.NullPointerException" message="Cannot invoke &amp;quot;org.openqa.selenium.WebDriver.manage()&amp;quot; because &amp;quot;this.driver&amp;quot; is null">
      <![CDATA[java.lang.NullPointerException: Cannot invoke "org.openqa.selenium.WebDriver.manage()" because "this.driver" is null
at com.SauceDemo.TestClasses.TestBaseClass.setUpMethod(TestBaseClass.java:45)
at java.base/java.util.concurrent.ThreadPoolExecutor.runWorker(ThreadPoolExecutor.java:1136)
at java.base/java.util.concurrent.ThreadPoolExecutor$Worker.run(ThreadPoolExecutor.java:635)
at java.base/java.lang.Thread.run(Thread.java:833)
... Removed 16 stack frames]]>
    </failure>
  </testcase> <!-- @BeforeMethod setUpMethod -->
  <testcase classname="com.SauceDemo.TestClasses.TestBaseClass" name="@BeforeMethod setUpMethod" time="0.024">
    <failure type="java.lang.NullPointerException" message="Cannot invoke &amp;quot;org.openqa.selenium.WebDriver.manage()&amp;quot; because &amp;quot;this.driver&amp;quot; is null">
      <![CDATA[java.lang.NullPointerException: Cannot invoke "org.openqa.selenium.WebDriver.manage()" because "this.driver" is null
at com.SauceDemo.TestClasses.TestBaseClass.setUpMethod(TestBaseClass.java:45)
at java.base/java.util.concurrent.ThreadPoolExecutor.runWorker(ThreadPoolExecutor.java:1136)
at java.base/java.util.concurrent.ThreadPoolExecutor$Worker.run(ThreadPoolExecutor.java:635)
at java.base/java.lang.Thread.run(Thread.java:833)
... Removed 16 stack frames]]>
    </failure>
  </testcase> <!-- @BeforeMethod setUpMethod -->
  <testcase classname="com.SauceDemo.TestClasses.TestBaseClass" name="@BeforeMethod setUpMethod" time="0.024">
    <failure type="java.lang.NullPointerException" message="Cannot invoke &amp;quot;org.openqa.selenium.WebDriver.manage()&amp;quot; because &amp;quot;this.driver&amp;quot; is null">
      <![CDATA[java.lang.NullPointerException: Cannot invoke "org.openqa.selenium.WebDriver.manage()" because "this.driver" is null
at com.SauceDemo.TestClasses.TestBaseClass.setUpMethod(TestBaseClass.java:45)
at java.base/java.util.concurrent.ThreadPoolExecutor.runWorker(ThreadPoolExecutor.java:1136)
at java.base/java.util.concurrent.ThreadPoolExecutor$Worker.run(ThreadPoolExecutor.java:635)
at java.base/java.lang.Thread.run(Thread.java:833)
... Removed 16 stack frames]]>
    </failure>
  </testcase> <!-- @BeforeMethod setUpMethod -->
  <testcase classname="com.SauceDemo.TestClasses.TestBaseClass" name="@AfterMethod tearDown" time="-1.659631550144E9">
    <skipped/>
  </testcase> <!-- @AfterMethod tearDown -->
  <testcase classname="com.SauceDemo.TestClasses.TestBaseClass" name="@AfterMethod tearDown" time="-1.659631550139E9">
    <skipped/>
  </testcase> <!-- @AfterMethod tearDown -->
  <testcase classname="com.SauceDemo.TestClasses.TestBaseClass" name="@AfterMethod tearDown" time="-1.659631550153E9">
    <skipped/>
  </testcase> <!-- @AfterMethod tearDown -->
  <testcase classname="com.SauceDemo.TestClasses.T001VerifyLoginFunctionality" name="loginFunctionality" time="0.001">
    <skipped/>
  </testcase> <!-- loginFunctionality -->
  <testcase classname="com.SauceDemo.TestClasses.T003VerifyAddToCartFunctionality" name="singleProductAddToCartFunctionality" time="0.0">
    <skipped/>
  </testcase> <!-- singleProductAddToCartFunctionality -->
  <testcase classname="com.SauceDemo.TestClasses.T002VerifyLogoutFunctionality" name="logoutFunctionality" time="0.0">
    <skipped/>
  </testcase> <!-- logoutFunctionality -->
</testsuite> <!-- ChromeTest(failed) -->
